Построение начато 28.02.2016 23:45:41.
     1>Проект "D:\123\mp2-lab3-postfixx\sln\mp2-lab3-postfix\sample_list\sample_list.vcxproj" в узле 2 (целевые объекты build).
     1>InitializeBuildStatus:
         Создание "Debug\sample_list.unsuccessfulbuild", так как было задано "AlwaysCreate".
       ClCompile:
         c:\Program Files (x86)\Microsoft Visual Studio 10.0\VC\bin\CL.exe /c /I..\..\..\include /ZI /nologo /W3 /WX- /Od /Oy- /D _MBCS /Gm /EHsc /RTC1 /MDd /GS /fp:precise /Zc:wchar_t /Zc:forScope /Fo"Debug\\" /Fd"Debug\vc100.pdb" /Gd /TP /analyze- /errorReport:prompt ..\..\..\sample\sample_list.cpp
         sample_list.cpp
       Link:
         c:\Program Files (x86)\Microsoft Visual Studio 10.0\VC\bin\link.exe /ERRORREPORT:PROMPT /OUT:"D:\123\mp2-lab3-postfixx\sln\mp2-lab3-postfix\Debug\sample_list.exe" /NOLOGO kernel32.lib user32.lib gdi32.lib winspool.lib comdlg32.lib advapi32.lib shell32.lib ole32.lib oleaut32.lib uuid.lib odbc32.lib odbccp32.lib /MANIFEST /ManifestFile:"Debug\sample_list.exe.intermediate.manifest" /MANIFESTUAC:"level='asInvoker' uiAccess='false'" /DEBUG /PDB:"D:\123\mp2-lab3-postfixx\sln\mp2-lab3-postfix\Debug\sample_list.pdb" /TLBID:1 /DYNAMICBASE /NXCOMPAT /IMPLIB:"D:\123\mp2-lab3-postfixx\sln\mp2-lab3-postfix\Debug\sample_list.lib" /MACHINE:X86 Debug\sample_list.obj
         "D:\123\mp2-lab3-postfixx\sln\mp2-lab3-postfix\mp2-lab3-postfix\Debug\postfix.obj"
         LINK : не найден или не выполнена сборка D:\123\mp2-lab3-postfixx\sln\mp2-lab3-postfix\Debug\sample_list.exe при последней инкрементной компоновке; выполняется полная компоновка
         sample_list.vcxproj -> D:\123\mp2-lab3-postfixx\sln\mp2-lab3-postfix\Debug\sample_list.exe
       Manifest:
         C:\Program Files (x86)\Microsoft SDKs\Windows\v7.0A\bin\mt.exe /nologo /verbose /outputresource:"D:\123\mp2-lab3-postfixx\sln\mp2-lab3-postfix\Debug\sample_list.exe;#1" /manifest Debug\sample_list.exe.intermediate.manifest
       FinalizeBuildStatus:
         Файл "Debug\sample_list.unsuccessfulbuild" удаляется.
         Обращение к "Debug\sample_list.lastbuildstate".
     1>Построение проекта "D:\123\mp2-lab3-postfixx\sln\mp2-lab3-postfix\sample_list\sample_list.vcxproj" завершено (целевые объекты build).

Построение успешно завершено.

Затраченное время: 00:00:00.98
