Построение начато 26.12.2015 2:47:04.
     1>Проект "C:\Users\Александр\Desktop\Программ\пока что 3\mp2-lab3-postfix\sln\postfix\postfix.vcxproj" в узле 2 (целевые объекты build).
     1>InitializeBuildStatus:
         Обращение к "Debug\sample.unsuccessfulbuild".
       ClCompile:
         c:\Program Files (x86)\Microsoft Visual Studio 10.0\VC\bin\CL.exe /c /I"C:\Users\Александр\Desktop\Программ\пока что 3\mp2-lab3-postfix\include" /ZI /nologo /W3 /WX- /Od /Oy- /D _MBCS /Gm /EHsc /RTC1 /MDd /GS /fp:precise /Zc:wchar_t /Zc:forScope /Fo"Debug\\" /Fd"Debug\vc100.pdb" /Gd /TP /analyze- /errorReport:prompt ..\..\postfix\postfix.cpp
         postfix.cpp
     1>c:\users\александр\desktop\программ\пока что 3\mp2-lab3-postfix\postfix\postfix.cpp(92): warning C4018: <: несоответствие типов со знаком и без знака
     1>c:\users\александр\desktop\программ\пока что 3\mp2-lab3-postfix\postfix\postfix.cpp(30): warning C4715: Postfix::operaci: значение возвращается не при всех путях выполнения
       Link:
         c:\Program Files (x86)\Microsoft Visual Studio 10.0\VC\bin\link.exe /ERRORREPORT:PROMPT /OUT:"C:\Users\Александр\Desktop\Программ\пока что 3\mp2-lab3-postfix\sln\Debug\sample.exe" /NOLOGO kernel32.lib user32.lib gdi32.lib winspool.lib comdlg32.lib advapi32.lib shell32.lib ole32.lib oleaut32.lib uuid.lib odbc32.lib odbccp32.lib /MANIFEST /ManifestFile:"Debug\sample.exe.intermediate.manifest" /MANIFESTUAC:"level='asInvoker' uiAccess='false'" /DEBUG /PDB:"C:\Users\Александр\Desktop\Программ\пока что 3\mp2-lab3-postfix\sln\Debug\sample.pdb" /TLBID:1 /DYNAMICBASE /NXCOMPAT /IMPLIB:"C:\Users\Александр\Desktop\Программ\пока что 3\mp2-lab3-postfix\sln\Debug\sample.lib" /MACHINE:X86 Debug\postfix.obj
         Debug\proba.obj
         LINK : не найден или не выполнена сборка C:\Users\Александр\Desktop\Программ\пока что 3\mp2-lab3-postfix\sln\Debug\sample.exe при последней инкрементной компоновке; выполняется полная компоновка
         postfix.vcxproj -> C:\Users\Александр\Desktop\Программ\пока что 3\mp2-lab3-postfix\sln\Debug\sample.exe
       Manifest:
         C:\Program Files (x86)\Microsoft SDKs\Windows\v7.0A\bin\mt.exe /nologo /verbose /outputresource:"C:\Users\Александр\Desktop\Программ\пока что 3\mp2-lab3-postfix\sln\Debug\sample.exe;#1" /manifest Debug\sample.exe.intermediate.manifest
       FinalizeBuildStatus:
         Файл "Debug\sample.unsuccessfulbuild" удаляется.
         Обращение к "Debug\sample.lastbuildstate".
     1>Построение проекта "C:\Users\Александр\Desktop\Программ\пока что 3\mp2-lab3-postfix\sln\postfix\postfix.vcxproj" завершено (целевые объекты build).

Построение успешно завершено.

Затраченное время: 00:00:00.87
