Построение начато 28.02.2016 23:51:11.
     1>Проект "D:\123\mp2-lab3-postfixx\sln\mp2-lab3-postfix\sample_postfix\sample_postfix.vcxproj" в узле 2 (целевые объекты build).
     1>InitializeBuildStatus:
         Создание "Debug\sample_postfix.unsuccessfulbuild", так как было задано "AlwaysCreate".
       ClCompile:
         c:\Program Files (x86)\Microsoft Visual Studio 10.0\VC\bin\CL.exe /c /I..\..\..\include /I..\..\..\postfix /ZI /nologo /W3 /WX- /Od /Oy- /D _MBCS /Gm /EHsc /RTC1 /MDd /GS /fp:precise /Zc:wchar_t /Zc:forScope /Fo"Debug\\" /Fd"Debug\vc100.pdb" /Gd /TP /analyze- /errorReport:prompt ..\..\..\sample\sample_postfix.cpp
         sample_postfix.cpp
     1>d:\123\mp2-lab3-postfixx\postfix\postfix.cpp(29): warning C4018: <: несоответствие типов со знаком и без знака
     1>d:\123\mp2-lab3-postfixx\postfix\postfix.cpp(54): warning C4018: <: несоответствие типов со знаком и без знака
     1>d:\123\mp2-lab3-postfixx\postfix\postfix.cpp(111): warning C4018: <: несоответствие типов со знаком и без знака
     1>d:\123\mp2-lab3-postfixx\postfix\postfix.cpp(166): warning C4018: <: несоответствие типов со знаком и без знака
       Link:
         c:\Program Files (x86)\Microsoft Visual Studio 10.0\VC\bin\link.exe /ERRORREPORT:PROMPT /OUT:"D:\123\mp2-lab3-postfixx\sln\mp2-lab3-postfix\Debug\sample_postfix.exe" /NOLOGO kernel32.lib user32.lib gdi32.lib winspool.lib comdlg32.lib advapi32.lib shell32.lib ole32.lib oleaut32.lib uuid.lib odbc32.lib odbccp32.lib /MANIFEST /ManifestFile:"Debug\sample_postfix.exe.intermediate.manifest" /MANIFESTUAC:"level='asInvoker' uiAccess='false'" /DEBUG /PDB:"D:\123\mp2-lab3-postfixx\sln\mp2-lab3-postfix\Debug\sample_postfix.pdb" /TLBID:1 /DYNAMICBASE /NXCOMPAT /IMPLIB:"D:\123\mp2-lab3-postfixx\sln\mp2-lab3-postfix\Debug\sample_postfix.lib" /MACHINE:X86 Debug\sample_postfix.obj
         LINK : не найден или не выполнена сборка D:\123\mp2-lab3-postfixx\sln\mp2-lab3-postfix\Debug\sample_postfix.exe при последней инкрементной компоновке; выполняется полная компоновка
         sample_postfix.vcxproj -> D:\123\mp2-lab3-postfixx\sln\mp2-lab3-postfix\Debug\sample_postfix.exe
       Manifest:
         C:\Program Files (x86)\Microsoft SDKs\Windows\v7.0A\bin\mt.exe /nologo /verbose /outputresource:"D:\123\mp2-lab3-postfixx\sln\mp2-lab3-postfix\Debug\sample_postfix.exe;#1" /manifest Debug\sample_postfix.exe.intermediate.manifest
       FinalizeBuildStatus:
         Файл "Debug\sample_postfix.unsuccessfulbuild" удаляется.
         Обращение к "Debug\sample_postfix.lastbuildstate".
     1>Построение проекта "D:\123\mp2-lab3-postfixx\sln\mp2-lab3-postfix\sample_postfix\sample_postfix.vcxproj" завершено (целевые объекты build).

Построение успешно завершено.

Затраченное время: 00:00:01.19
